[Record::print_iteration()] Step: 99973. energy= 42.1795. meanF= 0.000290899. area= 75367.2
[Model::determine_trial_step_size] Trial step size = 1.19878e-07
[main()] step: 99974, trial StepSize = 0.000000, StepSize = 0.000000
[Mesh::propagate_scaffolding()] Total movement : (0.000214166, 4.28761e-05, -0.74178) 
[main()] Small energy or force difference. Updated reference structure.
[Record::print_iteration()] Step: 99974. energy= 45.9321. meanF= 0.00116376. area= 75367.2
[Model::determine_trial_step_size] Trial step size = 1.05493e-07
[main()] step: 99975, trial StepSize = 0.000000, StepSize = 0.000000
[main()] Small energy or force difference. Updated reference structure.
[Record::print_iteration()] Step: 99975. energy= 40.5693. meanF= 0.000857036. area= 75367.2
[Model::determine_trial_step_size] Trial step size = 9.28335e-08
[main()] step: 99976, trial StepSize = 0.000000, StepSize = 0.000000
[main()] Small energy or force difference. Updated reference structure.
[Record::print_iteration()] Step: 99976. energy= 53.2515. meanF= 0.000560921. area= 75367.2
[Model::determine_trial_step_size] Trial step size = 8.16935e-08
[main()] step: 99977, trial StepSize = 0.000000, StepSize = 0.000000
[main()] Small energy or force difference. Updated reference structure.
[Record::print_iteration()] Step: 99977. energy= 44.8553. meanF= 0.000268062. area= 75367.2
[Model::determine_trial_step_size] Trial step size = 7.18903e-08
[main()] step: 99978, trial StepSize = 0.000000, StepSize = 0.000000
[main()] Small energy or force difference. Updated reference structure.
[Record::print_iteration()] Step: 99978. energy= 42.0241. meanF= 0.000609625. area= 75367.2
[Model::determine_trial_step_size] Trial step size = 6.32635e-08
[main()] step: 99979, trial StepSize = 0.000000, StepSize = 0.000000
[main()] Small energy or force difference. Updated reference structure.
[Record::print_iteration()] Step: 99979. energy= 42.5259. meanF= 0.000674004. area= 75367.2
[Model::determine_trial_step_size] Trial step size = 5.56718e-08
[main()] step: 99980, trial StepSize = 0.000000, StepSize = 0.000000
[main()] Small energy or force difference. Updated reference structure.
[Record::print_iteration()] Step: 99980. energy= 48.7089. meanF= 0.00106108. area= 75367.2
[Model::determine_trial_step_size] Trial step size = 4.89912e-08
[main()] step: 99981, trial StepSize = 0.000000, StepSize = 0.000000
[Mesh::propagate_scaffolding()] Total movement : (0.000214188, 4.28788e-05, -0.74178) 
[main()] Small energy or force difference. Updated reference structure.
[Record::print_iteration()] Step: 99981. energy= 42.5966. meanF= 0.000294361. area= 75367.2
[Model::determine_trial_step_size] Trial step size = 4.31123e-08
[main()] step: 99982, trial StepSize = 0.000000, StepSize = 0.000000
[main()] Small energy or force difference. Updated reference structure.
[Record::print_iteration()] Step: 99982. energy= 40.4102. meanF= 0.000198363. area= 75367.2
[Model::determine_trial_step_size] Trial step size = 3.79388e-08
[main()] step: 99983, trial StepSize = 0.000000, StepSize = 0.000000
[Record::print_iteration()] Step: 99983. energy= 50.1054. meanF= 0.00495442. area= 75367.2
[Model::determine_trial_step_size] Trial step size = 3.33861e-08
[main()] step: 99984, trial StepSize = 0.000000, StepSize = 0.000000
[Record::print_iteration()] Step: 99984. energy= 34.0018. meanF= 0.000385351. area= 75367.2
[Model::determine_trial_step_size] Trial step size = 2.93798e-08
[main()] step: 99985, trial StepSize = 0.000000, StepSize = 0.000000
[main()] Small energy or force difference. Updated reference structure.
[Record::print_iteration()] Step: 99985. energy= 44.2286. meanF= 0.000436572. area= 75367.2
[Model::determine_trial_step_size] Trial step size = 2.58542e-08
[main()] step: 99986, trial StepSize = 0.000000, StepSize = 0.000000
[Record::print_iteration()] Step: 99986. energy= 48.8945. meanF= 0.00520822. area= 75367.2
[Model::determine_trial_step_size] Trial step size = 2.27517e-08
[main()] step: 99987, trial StepSize = 0.000000, StepSize = 0.000000
[Record::print_iteration()] Step: 99987. energy= 39.7057. meanF= 0.00056239. area= 75367.2
[Model::determine_trial_step_size] Trial step size = 2.00215e-08
[main()] step: 99988, trial StepSize = 0.000000, StepSize = 0.000000
[Mesh::propagate_scaffolding()] Total movement : (0.000214206, 4.28811e-05, -0.74178) 
[main()] Small energy or force difference. Updated reference structure.
[Record::print_iteration()] Step: 99988. energy= 46.7604. meanF= 0.000669073. area= 75367.2
[Model::determine_trial_step_size] Trial step size = 1.76189e-08
[main()] step: 99989, trial StepSize = 0.000000, StepSize = 0.000000
[main()] Small energy or force difference. Updated reference structure.
[Record::print_iteration()] Step: 99989. energy= 50.3692. meanF= 0.00134928. area= 75367.2
[Model::determine_trial_step_size] Trial step size = 1.55047e-08
[main()] step: 99990, trial StepSize = 0.000000, StepSize = 0.000000
[Record::print_iteration()] Step: 99990. energy= 42.2713. meanF= 0.000211354. area= 75367.2
[Model::determine_trial_step_size] Trial step size = 1.36441e-08
[main()] step: 99991, trial StepSize = 0.000000, StepSize = 0.000000
[main()] Small energy or force difference. Updated reference structure.
[Record::print_iteration()] Step: 99991. energy= 46.7215. meanF= 0.000676183. area= 75367.2
[Model::determine_trial_step_size] Trial step size = 1.20068e-08
[main()] step: 99992, trial StepSize = 0.000000, StepSize = 0.000000
[main()] Small energy or force difference. Updated reference structure.
[Record::print_iteration()] Step: 99992. energy= 34.8015. meanF= 0.00097271. area= 75367.2
[Model::determine_trial_step_size] Trial step size = 1.0566e-08
[main()] step: 99993, trial StepSize = 0.000000, StepSize = 0.000000
[main()] Small energy or force difference. Updated reference structure.
[Record::print_iteration()] Step: 99993. energy= 41.5273. meanF= 0.000458008. area= 75367.2
[Model::determine_trial_step_size] Trial step size = 9.29807e-09
[main()] step: 99994, trial StepSize = 0.000000, StepSize = 0.000000
[main()] Small energy or force difference. Updated reference structure.
[Record::print_iteration()] Step: 99994. energy= 42.3918. meanF= 0.000464249. area= 75367.2
[Model::determine_trial_step_size] Trial step size = 8.18231e-09
[main()] step: 99995, trial StepSize = 0.000000, StepSize = 0.000000
[Mesh::propagate_scaffolding()] Total movement : (0.00021422, 4.2883e-05, -0.74178) 
[main()] Small energy or force difference. Updated reference structure.
[Record::print_iteration()] Step: 99995. energy= 46.7372. meanF= 0.00135911. area= 75367.2
[Model::determine_trial_step_size] Trial step size = 7.20043e-09
[main()] step: 99996, trial StepSize = 0.000000, StepSize = 0.000000
[main()] Small energy or force difference. Updated reference structure.
[Record::print_iteration()] Step: 99996. energy= 41.3256. meanF= 0.000810697. area= 75367.2
[Model::determine_trial_step_size] Trial step size = 6.33638e-09
[main()] step: 99997, trial StepSize = 0.000000, StepSize = 0.000000
[main()] Small energy or force difference. Updated reference structure.
[Record::print_iteration()] Step: 99997. energy= 48.5022. meanF= 0.000714673. area= 75367.2
[Model::determine_trial_step_size] Trial step size = 5.57601e-09
[main()] step: 99998, trial StepSize = 0.000000, StepSize = 0.000000
[main()] Small energy or force difference. Updated reference structure.
[Record::print_iteration()] Step: 99998. energy= 42.3652. meanF= 0.000567159. area= 75367.2
