[Model::determine_trial_step_size] Trial step size = 7.37354e-14
[main()] step: 14887, trial StepSize = 0.000000, StepSize = 0.000000
[main()] Small energy or force difference. Updated reference structure.
[Record::print_iteration()] Step: 14887. energy= 37.3642. meanF= 0.00125842. area= 74994.5
[Model::determine_trial_step_size] Trial step size = 6.48872e-14
[main()] step: 14888, trial StepSize = 0.000000, StepSize = 0.000000
[main()] Small energy or force difference. Updated reference structure.
[Record::print_iteration()] Step: 14888. energy= 29.1181. meanF= 0.000881456. area= 74994.5
[Model::determine_trial_step_size] Trial step size = 5.71007e-14
[main()] step: 14889, trial StepSize = 0.000000, StepSize = 0.000000
[Mesh::propagate_scaffolding()] Total movement : (1.2308e-05, 5.82986e-05, -0.27953) 
[main()] Small energy or force difference. Updated reference structure.
[Record::print_iteration()] Step: 14889. energy= 29.9891. meanF= 0.000886365. area= 74994.5
[Model::determine_trial_step_size] Trial step size = 5.02486e-14
[main()] step: 14890, trial StepSize = 0.000000, StepSize = 0.000000
[main()] Small energy or force difference. Updated reference structure.
[Record::print_iteration()] Step: 14890. energy= 33.7554. meanF= 0.000723818. area= 74994.5
[Model::determine_trial_step_size] Trial step size = 4.42188e-14
[main()] step: 14891, trial StepSize = 0.000000, StepSize = 0.000000
[main()] Small energy or force difference. Updated reference structure.
[Record::print_iteration()] Step: 14891. energy= 34.2349. meanF= 0.000643432. area= 74994.5
[Model::determine_trial_step_size] Trial step size = 3.89125e-14
[main()] step: 14892, trial StepSize = 0.000000, StepSize = 0.000000
[Record::print_iteration()] Step: 14892. energy= 38.4219. meanF= 0.00334031. area= 74994.5
[Model::determine_trial_step_size] Trial step size = 3.4243e-14
[main()] step: 14893, trial StepSize = 0.000000, StepSize = 0.000000
[Record::print_iteration()] Step: 14893. energy= 32.0262. meanF= 0.000862138. area= 74994.5
[Model::determine_trial_step_size] Trial step size = 3.01339e-14
[main()] step: 14894, trial StepSize = 0.000000, StepSize = 0.000000
[main()] Small energy or force difference. Updated reference structure.
[Record::print_iteration()] Step: 14894. energy= 31.329. meanF= 0.000852584. area= 74994.5
[Model::determine_trial_step_size] Trial step size = 2.65178e-14
[main()] step: 14895, trial StepSize = 0.000000, StepSize = 0.000000
[main()] Small energy or force difference. Updated reference structure.
[Record::print_iteration()] Step: 14895. energy= 37.3662. meanF= 0.00052281. area= 74994.5
[Model::determine_trial_step_size] Trial step size = 2.33357e-14
[main()] step: 14896, trial StepSize = 0.000000, StepSize = 0.000000
[Mesh::propagate_scaffolding()] Total movement : (1.23081e-05, 5.83007e-05, -0.27953) 
[main()] Small energy or force difference. Updated reference structure.
[Record::print_iteration()] Step: 14896. energy= 41.7532. meanF= 0.00103184. area= 74994.5
[Model::determine_trial_step_size] Trial step size = 2.05354e-14
[main()] step: 14897, trial StepSize = 0.000000, StepSize = 0.000000
[main()] Small energy or force difference. Updated reference structure.
[Record::print_iteration()] Step: 14897. energy= 37.4819. meanF= 0.00123189. area= 74994.5
[Model::determine_trial_step_size] Trial step size = 1.80711e-14
[main()] step: 14898, trial StepSize = 0.000000, StepSize = 0.000000
[main()] Small energy or force difference. Updated reference structure.
[Record::print_iteration()] Step: 14898. energy= 41.8209. meanF= 0.000794677. area= 74994.5
[Model::determine_trial_step_size] Trial step size = 1.59026e-14
[main()] step: 14899, trial StepSize = 0.000000, StepSize = 0.000000
[main()] Small energy or force difference. Updated reference structure.
[Record::print_iteration()] Step: 14899. energy= 32.1085. meanF= 0.000700717. area= 74994.5
[Model::determine_trial_step_size] Trial step size = 1.39943e-14
[main()] step: 14900, trial StepSize = 0.000000, StepSize = 0.000000
[main()] Small energy or force difference. Updated reference structure.
[Record::print_iteration()] Step: 14900. energy= 37.9376. meanF= 0.00112236. area= 74994.5
[Model::determine_trial_step_size] Trial step size = 1.2315e-14
[main()] step: 14901, trial StepSize = 0.000000, StepSize = 0.000000
[main()] Small energy or force difference. Updated reference structure.
[Record::print_iteration()] Step: 14901. energy= 38.7257. meanF= 0.00126312. area= 74994.5
[Model::determine_trial_step_size] Trial step size = 1.08372e-14
[main()] step: 14902, trial StepSize = 0.000000, StepSize = 0.000000
[main()] Small energy or force difference. Updated reference structure.
[Record::print_iteration()] Step: 14902. energy= 36.8821. meanF= 0.00164396. area= 74994.5
[Model::determine_trial_step_size] Trial step size = 9.53672e-15
[main()] step: 14903, trial StepSize = 0.000000, StepSize = 0.000000
[Mesh::propagate_scaffolding()] Total movement : (1.23082e-05, 5.83026e-05, -0.27953) 
[Record::print_iteration()] Step: 14903. energy= 36.3659. meanF= 0.000633659. area= 74994.5
[Model::determine_trial_step_size] Trial step size = 8.39231e-15
[main()] step: 14904, trial StepSize = 0.000000, StepSize = 0.000000
[Record::print_iteration()] Step: 14904. energy= 34.2299. meanF= 0.00267749. area= 74994.5
[Model::determine_trial_step_size] Trial step size = 7.38523e-15
[main()] step: 14905, trial StepSize = 0.000000, StepSize = 0.000000
[Record::print_iteration()] Step: 14905. energy= 32.7588. meanF= 0.000807917. area= 74994.5
[Model::determine_trial_step_size] Trial step size = 6.49901e-15
[main()] step: 14906, trial StepSize = 0.000000, StepSize = 0.000000
[main()] Small energy or force difference. Updated reference structure.
[Record::print_iteration()] Step: 14906. energy= 37.9779. meanF= 0.000494365. area= 74994.5
[Model::determine_trial_step_size] Trial step size = 5.71912e-15
[main()] step: 14907, trial StepSize = 0.000000, StepSize = 0.000000
[main()] Small energy or force difference. Updated reference structure.
[Record::print_iteration()] Step: 14907. energy= 40.409. meanF= 0.000751442. area= 74994.5
[Model::determine_trial_step_size] Trial step size = 5.03283e-15
[main()] step: 14908, trial StepSize = 0.000000, StepSize = 0.000000
[main()] Small energy or force difference. Updated reference structure.
[Record::print_iteration()] Step: 14908. energy= 32.6116. meanF= 0.000431774. area= 74994.5
[Model::determine_trial_step_size] Trial step size = 4.42889e-15
[main()] step: 14909, trial StepSize = 0.000000, StepSize = 0.000000
[Record::print_iteration()] Step: 14909. energy= 34.5217. meanF= 0.00220272. area= 74994.5
[Model::determine_trial_step_size] Trial step size = 3.89742e-15
[main()] step: 14910, trial StepSize = 0.000000, StepSize = 0.000000
[Mesh::propagate_scaffolding()] Total movement : (1.23082e-05, 5.83043e-05, -0.27953) 
[Record::print_iteration()] Step: 14910. energy= 31.6682. meanF= 0.0011258. area= 74994.5
[Model::determine_trial_step_size] Trial step size = 3.42973e-15
[main()] step: 14911, trial StepSize = 0.000000, StepSize = 0.000000
[main()] Small energy or force difference. Updated reference structure.
[Record::print_iteration()] Step: 14911. energy= 26.2787. meanF= 0.000507855. area= 74994.5
[Model::determine_trial_step_size] Trial step size = 3.01816e-15
[main()] step: 14912, trial StepSize = 0.000000, StepSize = 0.000000
[Record::print_iteration()] Step: 14912. energy= 45.8425. meanF= 0.00197025. area= 74994.5
