[main()] Small energy or force difference. Updated reference structure.
[Record::print_iteration()] Step: 48072. energy= 75.5681. meanF= 0.000511717. area= 138330
[Model::determine_trial_step_size] Trial step size = 1.93129e-07
[main()] step: 48073, trial StepSize = 0.000000, StepSize = 0.000000
[main()] Small energy or force difference. Updated reference structure.
[Record::print_iteration()] Step: 48073. energy= 88.9084. meanF= 0.000849369. area= 138330
[Model::determine_trial_step_size] Trial step size = 1.69953e-07
[main()] step: 48074, trial StepSize = 0.000000, StepSize = 0.000000
[main()] Small energy or force difference. Updated reference structure.
[Record::print_iteration()] Step: 48074. energy= 77.4423. meanF= 0.000589687. area= 138330
[Model::determine_trial_step_size] Trial step size = 1.49559e-07
[main()] step: 48075, trial StepSize = 0.000000, StepSize = 0.000000
[main()] Small energy or force difference. Updated reference structure.
[Record::print_iteration()] Step: 48075. energy= 73.6412. meanF= 0.000202526. area= 138330
[Model::determine_trial_step_size] Trial step size = 1.31612e-07
[main()] step: 48076, trial StepSize = 0.000000, StepSize = 0.000000
[Mesh::propagate_scaffolding()] Total movement : (0.00840322, -0.00439706, -0.968118) 
[main()] Small energy or force difference. Updated reference structure.
[Record::print_iteration()] Step: 48076. energy= 69.7494. meanF= 0.000522679. area= 138330
[Model::determine_trial_step_size] Trial step size = 1.15818e-07
[main()] step: 48077, trial StepSize = 0.000000, StepSize = 0.000000
[main()] Small energy or force difference. Updated reference structure.
[Record::print_iteration()] Step: 48077. energy= 72.4178. meanF= 0.000814547. area= 138330
[Model::determine_trial_step_size] Trial step size = 1.0192e-07
[main()] step: 48078, trial StepSize = 0.000000, StepSize = 0.000000
[main()] Small energy or force difference. Updated reference structure.
[Record::print_iteration()] Step: 48078. energy= 72.727. meanF= 0.000606137. area= 138330
[Model::determine_trial_step_size] Trial step size = 8.96897e-08
[main()] step: 48079, trial StepSize = 0.000000, StepSize = 0.000000
[main()] Small energy or force difference. Updated reference structure.
[Record::print_iteration()] Step: 48079. energy= 76.6929. meanF= 0.000820682. area= 138330
[Model::determine_trial_step_size] Trial step size = 7.89269e-08
[main()] step: 48080, trial StepSize = 0.000000, StepSize = 0.000000
[Record::print_iteration()] Step: 48080. energy= 75.7344. meanF= 0.00391439. area= 138330
[Model::determine_trial_step_size] Trial step size = 6.94557e-08
[main()] step: 48081, trial StepSize = 0.000000, StepSize = 0.000000
[Record::print_iteration()] Step: 48081. energy= 65.5722. meanF= 0.000329964. area= 138330
[Model::determine_trial_step_size] Trial step size = 6.1121e-08
[main()] step: 48082, trial StepSize = 0.000000, StepSize = 0.000000
[main()] Small energy or force difference. Updated reference structure.
[Record::print_iteration()] Step: 48082. energy= 74.8449. meanF= 0.000389479. area= 138330
[Model::determine_trial_step_size] Trial step size = 5.37865e-08
[main()] step: 48083, trial StepSize = 0.000000, StepSize = 0.000000
[Mesh::propagate_scaffolding()] Total movement : (0.00840329, -0.00439749, -0.968118) 
[main()] Small energy or force difference. Updated reference structure.
[Record::print_iteration()] Step: 48083. energy= 70.911. meanF= 0.000467644. area= 138330
[Model::determine_trial_step_size] Trial step size = 4.73321e-08
[main()] step: 48084, trial StepSize = 0.000000, StepSize = 0.000000
[main()] Small energy or force difference. Updated reference structure.
[Record::print_iteration()] Step: 48084. energy= 76.8188. meanF= 0.000395837. area= 138330
[Model::determine_trial_step_size] Trial step size = 4.16523e-08
[main()] step: 48085, trial StepSize = 0.000000, StepSize = 0.000000
[main()] Small energy or force difference. Updated reference structure.
[Record::print_iteration()] Step: 48085. energy= 66.4209. meanF= 0.00103112. area= 138330
[Model::determine_trial_step_size] Trial step size = 3.6654e-08
[main()] step: 48086, trial StepSize = 0.000000, StepSize = 0.000000
[main()] Small energy or force difference. Updated reference structure.
[Record::print_iteration()] Step: 48086. energy= 75.0473. meanF= 0.000297151. area= 138330
[Model::determine_trial_step_size] Trial step size = 3.22555e-08
[main()] step: 48087, trial StepSize = 0.000000, StepSize = 0.000000
[main()] Small energy or force difference. Updated reference structure.
[Record::print_iteration()] Step: 48087. energy= 76.4199. meanF= 0.000648733. area= 138330
[Model::determine_trial_step_size] Trial step size = 2.83848e-08
[main()] step: 48088, trial StepSize = 0.000000, StepSize = 0.000000
[main()] Small energy or force difference. Updated reference structure.
[Record::print_iteration()] Step: 48088. energy= 72.4198. meanF= 0.000532031. area= 138330
[Model::determine_trial_step_size] Trial step size = 2.49787e-08
[main()] step: 48089, trial StepSize = 0.000000, StepSize = 0.000000
[main()] Small energy or force difference. Updated reference structure.
[Record::print_iteration()] Step: 48089. energy= 75.7889. meanF= 0.000789476. area= 138330
[Model::determine_trial_step_size] Trial step size = 2.19812e-08
[main()] step: 48090, trial StepSize = 0.000000, StepSize = 0.000000
[Mesh::propagate_scaffolding()] Total movement : (0.00840334, -0.00439779, -0.968118) 
[main()] Small energy or force difference. Updated reference structure.
[Record::print_iteration()] Step: 48090. energy= 74.5041. meanF= 0.000573637. area= 138330
[Model::determine_trial_step_size] Trial step size = 1.93435e-08
[main()] step: 48091, trial StepSize = 0.000000, StepSize = 0.000000
[Record::print_iteration()] Step: 48091. energy= 78.7537. meanF= 0.0038905. area= 138330
[Model::determine_trial_step_size] Trial step size = 1.70223e-08
[main()] step: 48092, trial StepSize = 0.000000, StepSize = 0.000000
[Record::print_iteration()] Step: 48092. energy= 70.4851. meanF= 0.000596187. area= 138330
[Model::determine_trial_step_size] Trial step size = 1.49796e-08
[main()] step: 48093, trial StepSize = 0.000000, StepSize = 0.000000
[Record::print_iteration()] Step: 48093. energy= 81.7255. meanF= 0.0037361. area= 138330
[Model::determine_trial_step_size] Trial step size = 1.3182e-08
[main()] step: 48094, trial StepSize = 0.000000, StepSize = 0.000000
[Record::print_iteration()] Step: 48094. energy= 69.2461. meanF= 0.000752233. area= 138330
[Model::determine_trial_step_size] Trial step size = 1.16002e-08
[main()] step: 48095, trial StepSize = 0.000000, StepSize = 0.000000
[main()] Small energy or force difference. Updated reference structure.
[Record::print_iteration()] Step: 48095. energy= 73.7254. meanF= 0.000115049. area= 138330
[Model::determine_trial_step_size] Trial step size = 1.02082e-08
[main()] step: 48096, trial StepSize = 0.000000, StepSize = 0.000000
[main()] Small energy or force difference. Updated reference structure.
[Record::print_iteration()] Step: 48096. energy= 80.1068. meanF= 0.000850957. area= 138330
[Model::determine_trial_step_size] Trial step size = 8.98319e-09
[main()] step: 48097, trial StepSize = 0.000000, StepSize = 0.000000
[Mesh::propagate_scaffolding()] Total movement : (0.00840338, -0.004398, -0.968118) 
[main()] Small energy or force difference. Updated reference structure.
[Record::print_iteration()] Step: 48097. energy= 76.8249. meanF= 0.000779387. area= 138330
