[Model::determine_trial_step_size] Trial step size = 1.87579e-08
[main()] step: 2788, trial StepSize = 0.000000, StepSize = 0.000000
[main()] Small energy or force difference. Updated reference structure.
[Record::print_iteration()] Step: 2788. energy= 2.58973. meanF= 0.000255283. area= 74803
[Model::determine_trial_step_size] Trial step size = 1.6507e-08
[main()] step: 2789, trial StepSize = 0.000000, StepSize = 0.000000
[main()] Small energy or force difference. Updated reference structure.
[Record::print_iteration()] Step: 2789. energy= 2.97985. meanF= 0.000564206. area= 74803
[Model::determine_trial_step_size] Trial step size = 1.45261e-08
[main()] step: 2790, trial StepSize = 0.000000, StepSize = 0.000000
[main()] Small energy or force difference. Updated reference structure.
[Record::print_iteration()] Step: 2790. energy= 3.4747. meanF= 0.00105744. area= 74803
[Model::determine_trial_step_size] Trial step size = 1.2783e-08
[main()] step: 2791, trial StepSize = 0.000000, StepSize = 0.000000
[Record::print_iteration()] Step: 2791. energy= 1.72211. meanF= 3.30373e-05. area= 74803
[Model::determine_trial_step_size] Trial step size = 1.1249e-08
[main()] step: 2792, trial StepSize = 0.000000, StepSize = 0.000000
[main()] Small energy or force difference. Updated reference structure.
[Record::print_iteration()] Step: 2792. energy= 2.41716. meanF= 0.000277602. area= 74803
[Model::determine_trial_step_size] Trial step size = 9.89916e-09
[main()] step: 2793, trial StepSize = 0.000000, StepSize = 0.000000
[Mesh::propagate_scaffolding()] Total movement : (5.51763e-07, 2.26182e-07, -0.00868094) 
[main()] Small energy or force difference. Updated reference structure.
[Record::print_iteration()] Step: 2793. energy= 4.95362. meanF= 0.00010444. area= 74803
[Model::determine_trial_step_size] Trial step size = 8.71126e-09
[main()] step: 2794, trial StepSize = 0.000000, StepSize = 0.000000
[main()] Small energy or force difference. Updated reference structure.
[Record::print_iteration()] Step: 2794. energy= 1.39056. meanF= 5.78293e-05. area= 74803
[Model::determine_trial_step_size] Trial step size = 6.13273e-09
[main()] step: 2795, trial StepSize = 0.000000, StepSize = 0.000000
[main()] Small energy or force difference. Updated reference structure.
[Record::print_iteration()] Step: 2795. energy= 4.31158. meanF= 0.000201715. area= 74803
[Model::determine_trial_step_size] Trial step size = 5.3968e-09
[main()] step: 2796, trial StepSize = 0.000000, StepSize = 0.000000
[main()] Small energy or force difference. Updated reference structure.
[Record::print_iteration()] Step: 2796. energy= 3.61455. meanF= 0.000363977. area= 74803
[Model::determine_trial_step_size] Trial step size = 4.74918e-09
[main()] step: 2797, trial StepSize = 0.000000, StepSize = 0.000000
[main()] Small energy or force difference. Updated reference structure.
[Record::print_iteration()] Step: 2797. energy= 2.21185. meanF= 0.000489992. area= 74803
[Model::determine_trial_step_size] Trial step size = 4.17928e-09
[main()] step: 2798, trial StepSize = 0.000000, StepSize = 0.000000
[main()] Small energy or force difference. Updated reference structure.
[Record::print_iteration()] Step: 2798. energy= 6.37745. meanF= 0.000121586. area= 74803
[Model::determine_trial_step_size] Trial step size = 3.67777e-09
[main()] step: 2799, trial StepSize = 0.000000, StepSize = 0.000000
[main()] Small energy or force difference. Updated reference structure.
[Record::print_iteration()] Step: 2799. energy= 1.36245. meanF= 0.000440935. area= 74803
[Model::determine_trial_step_size] Trial step size = 3.23644e-09
[main()] step: 2800, trial StepSize = 0.000000, StepSize = 0.000000
[Mesh::propagate_scaffolding()] Total movement : (5.51764e-07, 2.25644e-07, -0.00868553) 
[main()] Small energy or force difference. Updated reference structure.
[Record::print_iteration()] Step: 2800. energy= 1.22583. meanF= 0.000516229. area= 74803
[Model::determine_trial_step_size] Trial step size = 2.84806e-09
[main()] step: 2801, trial StepSize = 0.000000, StepSize = 0.000000
[main()] Small energy or force difference. Updated reference structure.
[Record::print_iteration()] Step: 2801. energy= 2.4711. meanF= 0.000205502. area= 74803
[Model::determine_trial_step_size] Trial step size = 2.5063e-09
[main()] step: 2802, trial StepSize = 0.000000, StepSize = 0.000000
[main()] Small energy or force difference. Updated reference structure.
[Record::print_iteration()] Step: 2802. energy= 4.29667. meanF= 0.000141088. area= 74803
[Model::determine_trial_step_size] Trial step size = 2.20554e-09
[main()] step: 2803, trial StepSize = 0.000000, StepSize = 0.000000
[main()] Small energy or force difference. Updated reference structure.
[Record::print_iteration()] Step: 2803. energy= 2.55564. meanF= 0.000491155. area= 74803
[Model::determine_trial_step_size] Trial step size = 1.94088e-09
[main()] step: 2804, trial StepSize = 0.000000, StepSize = 0.000000
[main()] Small energy or force difference. Updated reference structure.
[Record::print_iteration()] Step: 2804. energy= 2.01311. meanF= 0.00027183. area= 74803
[Model::determine_trial_step_size] Trial step size = 1.70797e-09
[main()] step: 2805, trial StepSize = 0.000000, StepSize = 0.000000
[Record::print_iteration()] Step: 2805. energy= 2.20568. meanF= 0.00132934. area= 74803
[Model::determine_trial_step_size] Trial step size = 1.50301e-09
[main()] step: 2806, trial StepSize = 0.000000, StepSize = 0.000000
[Record::print_iteration()] Step: 2806. energy= 2.30139. meanF= 5.76137e-05. area= 74803
[Model::determine_trial_step_size] Trial step size = 1.32265e-09
[main()] step: 2807, trial StepSize = 0.000000, StepSize = 0.000000
[Mesh::propagate_scaffolding()] Total movement : (5.51764e-07, 2.2511e-07, -0.00868909) 
[main()] Small energy or force difference. Updated reference structure.
[Record::print_iteration()] Step: 2807. energy= 4.5281. meanF= 0.000141174. area= 74803
[Model::determine_trial_step_size] Trial step size = 1.16393e-09
[main()] step: 2808, trial StepSize = 0.000000, StepSize = 0.000000
[main()] Small energy or force difference. Updated reference structure.
[Record::print_iteration()] Step: 2808. energy= 2.69868. meanF= 0.000185811. area= 74803
[Model::determine_trial_step_size] Trial step size = 1.02426e-09
[main()] step: 2809, trial StepSize = 0.000000, StepSize = 0.000000
[main()] Small energy or force difference. Updated reference structure.
[Record::print_iteration()] Step: 2809. energy= 1.89692. meanF= 0.000159483. area= 74803
[Model::determine_trial_step_size] Trial step size = 9.0135e-10
[main()] step: 2810, trial StepSize = 0.000000, StepSize = 0.000000
[main()] Small energy or force difference. Updated reference structure.
[Record::print_iteration()] Step: 2810. energy= 2.83009. meanF= 0.000757861. area= 74803
[Model::determine_trial_step_size] Trial step size = 7.93188e-10
[main()] step: 2811, trial StepSize = 0.000000, StepSize = 0.000000
[main()] Small energy or force difference. Updated reference structure.
[Record::print_iteration()] Step: 2811. energy= 2.61394. meanF= 0.000696813. area= 74803
[Model::determine_trial_step_size] Trial step size = 6.98006e-10
[main()] step: 2812, trial StepSize = 0.000000, StepSize = 0.000000
[main()] Small energy or force difference. Updated reference structure.
[Record::print_iteration()] Step: 2812. energy= 1.45467. meanF= 0.000137426. area= 74803
