[main()] step: 2989, trial StepSize = 0.000000, StepSize = 0.000000
[Mesh::propagate_scaffolding()] Total movement : (8.06562e-08, -9.13566e-09, -0.0110881) 
[Record::print_iteration()] Step: 2989. energy= 6.67971. meanF= 0.00208976. area= 74827.5
[Model::determine_trial_step_size] Trial step size = 3.75089e-20
[main()] step: 2990, trial StepSize = 0.000000, StepSize = 0.000000
[Record::print_iteration()] Step: 2990. energy= 7.64345. meanF= 0.000549833. area= 74827.5
[Model::determine_trial_step_size] Trial step size = 3.30079e-20
[main()] step: 2991, trial StepSize = 0.000000, StepSize = 0.000000
[main()] Small energy or force difference. Updated reference structure.
[Record::print_iteration()] Step: 2991. energy= 8.56658. meanF= 0.00103476. area= 74827.5
[Model::determine_trial_step_size] Trial step size = 2.90469e-20
[main()] step: 2992, trial StepSize = 0.000000, StepSize = 0.000000
[main()] Small energy or force difference. Updated reference structure.
[Record::print_iteration()] Step: 2992. energy= 6.20148. meanF= 0.000917007. area= 74827.5
[Model::determine_trial_step_size] Trial step size = 2.55613e-20
[main()] step: 2993, trial StepSize = 0.000000, StepSize = 0.000000
[Record::print_iteration()] Step: 2993. energy= 7.36469. meanF= 0.00316469. area= 74827.5
[Model::determine_trial_step_size] Trial step size = 2.24939e-20
[main()] step: 2994, trial StepSize = 0.000000, StepSize = 0.000000
[main()] Small energy or force difference. Updated reference structure.
[Record::print_iteration()] Step: 2994. energy= 6.59492. meanF= 0.00254537. area= 74827.5
[Model::determine_trial_step_size] Trial step size = 1.97947e-20
[main()] step: 2995, trial StepSize = 0.000000, StepSize = 0.000000
[main()] Small energy or force difference. Updated reference structure.
[Record::print_iteration()] Step: 2995. energy= 5.93271. meanF= 0.00198458. area= 74827.5
[Model::determine_trial_step_size] Trial step size = 1.74193e-20
Note: cannot find an efficient small stepSize to minimize the Energy even with the simple method!
[main()] step: 2996, trial StepSize = 0.000000, StepSize = 0.000000
[Mesh::propagate_scaffolding()] Total movement : (7.99766e-08, -9.13921e-09, -0.0110881) 
[main()] Small energy or force difference. Updated reference structure.
[Record::print_iteration()] Step: 2996. energy= 5.27592. meanF= 0.00108949. area= 74827.5
[Model::determine_trial_step_size] Trial step size = 1.5329e-20
[main()] step: 2997, trial StepSize = 0.000000, StepSize = 0.000000
[main()] Small energy or force difference. Updated reference structure.
[Record::print_iteration()] Step: 2997. energy= 4.53102. meanF= 0.000684458. area= 74827.5
[Model::determine_trial_step_size] Trial step size = 1.34895e-20
[main()] step: 2998, trial StepSize = 0.000000, StepSize = 0.000000
[main()] Small energy or force difference. Updated reference structure.
[Record::print_iteration()] Step: 2998. energy= 6.40191. meanF= 0.000627777. area= 74827.5
[Model::determine_trial_step_size] Trial step size = 1.18708e-20
[main()] step: 2999, trial StepSize = 0.000000, StepSize = 0.000000
[main()] Small energy or force difference. Updated reference structure.
[Record::print_iteration()] Step: 2999. energy= 6.53867. meanF= 0.000651551. area= 74827.5
max_force_scale=1.3162, energy=6.31665
[Model::determine_trial_step_size] Trial step size = 0.1
[main()] step: 3000, trial StepSize = 0.100000, StepSize = 0.020972
[main()] Small energy or force difference. Updated reference structure.
[Record::print_iteration()] Step: 3000. energy= 6.31665. meanF= 0.000923552. area= 74827.5
[Model::determine_trial_step_size] Trial step size = 0.0230687
[main()] step: 3001, trial StepSize = 0.023069, StepSize = 0.001268
[Record::print_iteration()] Step: 3001. energy= 12.5028. meanF= 0.00734087. area= 74825.3
[Model::determine_trial_step_size] Trial step size = 0.00139504
[main()] step: 3002, trial StepSize = 0.001395, StepSize = 0.001116
[Record::print_iteration()] Step: 3002. energy= 14.6933. meanF= 0.00837272. area= 74826.7
[Model::determine_trial_step_size] Trial step size = 0.00122763
[main()] step: 3003, trial StepSize = 0.001228, StepSize = 0.000982
[Mesh::propagate_scaffolding()] Total movement : (8.09732e-08, -9.62184e-09, -0.009041) 
[Record::print_iteration()] Step: 3003. energy= 14.7046. meanF= 0.00383526. area= 74825.9
[Model::determine_trial_step_size] Trial step size = 0.00108032
[main()] step: 3004, trial StepSize = 0.001080, StepSize = 0.000864
[Record::print_iteration()] Step: 3004. energy= 13.4837. meanF= 0.00136539. area= 74825.8
[Model::determine_trial_step_size] Trial step size = 0.000950677
[main()] step: 3005, trial StepSize = 0.000951, StepSize = 0.000761
[main()] Small energy or force difference. Updated reference structure.
[Record::print_iteration()] Step: 3005. energy= 11.1271. meanF= 0.000734312. area= 74825.6
[Model::determine_trial_step_size] Trial step size = 0.000836596
[main()] step: 3006, trial StepSize = 0.000837, StepSize = 0.000669
[main()] Small energy or force difference. Updated reference structure.
[Record::print_iteration()] Step: 3006. energy= 9.75324. meanF= 0.000915732. area= 74825.6
[Model::determine_trial_step_size] Trial step size = 0.000736205
[main()] step: 3007, trial StepSize = 0.000736, StepSize = 0.000589
[main()] Small energy or force difference. Updated reference structure.
[Record::print_iteration()] Step: 3007. energy= 7.76685. meanF= 0.00190646. area= 74825.5
[Model::determine_trial_step_size] Trial step size = 0.00064786
[main()] step: 3008, trial StepSize = 0.000648, StepSize = 0.000518
[Record::print_iteration()] Step: 3008. energy= 6.15317. meanF= 0.00394521. area= 74825.5
[Model::determine_trial_step_size] Trial step size = 0.000570117
[main()] step: 3009, trial StepSize = 0.000570, StepSize = 0.000456
[Record::print_iteration()] Step: 3009. energy= 5.75677. meanF= 0.00115713. area= 74825.5
[Model::determine_trial_step_size] Trial step size = 0.000501703
[main()] step: 3010, trial StepSize = 0.000502, StepSize = 0.000401
[Mesh::propagate_scaffolding()] Total movement : (8.1707e-08, -9.69153e-09, -0.00923275) 
[main()] Small energy or force difference. Updated reference structure.
[Record::print_iteration()] Step: 3010. energy= 5.80627. meanF= 0.000832418. area= 74825.4
[Model::determine_trial_step_size] Trial step size = 0.000441498
[main()] step: 3011, trial StepSize = 0.000441, StepSize = 0.000353
[main()] Small energy or force difference. Updated reference structure.
[Record::print_iteration()] Step: 3011. energy= 10.0913. meanF= 0.000905524. area= 74825.4
[Model::determine_trial_step_size] Trial step size = 0.000388519
[main()] step: 3012, trial StepSize = 0.000389, StepSize = 0.000311
[main()] Small energy or force difference. Updated reference structure.
[Record::print_iteration()] Step: 3012. energy= 7.90291. meanF= 0.00143368. area= 74825.4
[Model::determine_trial_step_size] Trial step size = 0.000341896
[main()] step: 3013, trial StepSize = 0.000342, StepSize = 0.000274
[main()] Small energy or force difference. Updated reference structure.
[Record::print_iteration()] Step: 3013. energy= 7.8481. meanF= 0.000484364. area= 74825.4
[Model::determine_trial_step_size] Trial step size = 0.000300869
[main()] step: 3014, trial StepSize = 0.000301, StepSize = 0.000241
[main()] Small energy or force difference. Updated reference structure.
[Record::print_iteration()] Step: 3014. energy= 6.16316. meanF= 0.000645094. area= 74825.4
